[     587ms] [VERBOSE] Rendering was performed in a subtree hidden by content-visibility. @ http://localhost:8000/sb-manager/runtime.js:12881
[     592ms] [VERBOSE] Rendering was performed in a subtree hidden by content-visibility. @ http://localhost:8000/sb-manager/runtime.js:12881
[     600ms] [VERBOSE] Rendering was performed in a subtree hidden by content-visibility. @ http://localhost:8000/sb-manager/runtime.js:12881
[     605ms] [VERBOSE] Rendering was performed in a subtree hidden by content-visibility. @ http://localhost:8000/sb-manager/runtime.js:12881
[    1115ms] [VERBOSE] Rendering was performed in a subtree hidden by content-visibility. @ http://localhost:8000/sb-manager/runtime.js:12881
[    1115ms] [VERBOSE] Rendering was performed in a subtree hidden by content-visibility. @ http://localhost:8000/sb-manager/runtime.js:12881
[    1119ms] [VERBOSE] Rendering was performed in a subtree hidden by content-visibility. @ http://localhost:8000/sb-manager/runtime.js:12881
[    1119ms] [VERBOSE] Rendering was performed in a subtree hidden by content-visibility. @ http://localhost:8000/sb-manager/runtime.js:12881
[    1178ms] [VERBOSE] Rendering was performed in a subtree hidden by content-visibility. @ http://localhost:8000/sb-manager/runtime.js:12881
[    1178ms] [VERBOSE] Rendering was performed in a subtree hidden by content-visibility. @ http://localhost:8000/sb-manager/runtime.js:12881
[    1204ms] [VERBOSE] Rendering was performed in a subtree hidden by content-visibility. @ http://localhost:8000/sb-manager/runtime.js:12881
[    1205ms] [VERBOSE] Rendering was performed in a subtree hidden by content-visibility. @ http://localhost:8000/sb-manager/runtime.js:12881
[    1321ms] [WARNING] Lit is in dev mode. Not recommended for production! See https://lit.dev/msg/dev-mode for more information. @ http://localhost:8000/node_modules/@lit/reactive-element/development/reactive-element.js?v=ea52a23e:49
[    1321ms] [WARNING] Multiple versions of Lit loaded. Loading multiple versions is not recommended. See https://lit.dev/msg/multiple-versions for more information. @ http://localhost:8000/node_modules/lit-html/development/lit-html.js?v=ea52a23e:46
[    1325ms] [VERBOSE] Rendering was performed in a subtree hidden by content-visibility. @ http://localhost:8000/sb-manager/runtime.js:12881
[    1325ms] [VERBOSE] Rendering was performed in a subtree hidden by content-visibility. @ http://localhost:8000/sb-manager/runtime.js:12881
[    1341ms] [VERBOSE] Rendering was performed in a subtree hidden by content-visibility. @ http://localhost:8000/sb-manager/runtime.js:12881
[    1341ms] [VERBOSE] Rendering was performed in a subtree hidden by content-visibility. @ http://localhost:8000/sb-manager/runtime.js:12881
[    1364ms] [VERBOSE] Rendering was performed in a subtree hidden by content-visibility. @ http://localhost:8000/sb-manager/runtime.js:12881
[    1366ms] [VERBOSE] Rendering was performed in a subtree hidden by content-visibility. @ http://localhost:8000/sb-manager/runtime.js:12881
[    1526ms] [VERBOSE] Rendering was performed in a subtree hidden by content-visibility. @ http://localhost:8000/sb-manager/runtime.js:12881
[    1527ms] [VERBOSE] Rendering was performed in a subtree hidden by content-visibility. @ http://localhost:8000/sb-manager/runtime.js:12881
[    2030ms] [VERBOSE] Rendering was performed in a subtree hidden by content-visibility. @ http://localhost:8000/sb-manager/runtime.js:12881
[    2031ms] [VERBOSE] Rendering was performed in a subtree hidden by content-visibility. @ http://localhost:8000/sb-manager/runtime.js:12881
[    2882ms] [VERBOSE] Rendering was performed in a subtree hidden by content-visibility. @ :3180
[    2955ms] [VERBOSE] Rendering was performed in a subtree hidden by content-visibility. @ http://localhost:8000/sb-manager/runtime.js:12881
[    2955ms] [VERBOSE] Rendering was performed in a subtree hidden by content-visibility. @ http://localhost:8000/sb-manager/runtime.js:12881
[    2988ms] [VERBOSE] Rendering was performed in a subtree hidden by content-visibility. @ http://localhost:8000/sb-manager/runtime.js:12881
[    2988ms] [VERBOSE] Rendering was performed in a subtree hidden by content-visibility. @ http://localhost:8000/sb-manager/runtime.js:12881
[    3039ms] [VERBOSE] Rendering was performed in a subtree hidden by content-visibility. @ http://localhost:8000/sb-manager/runtime.js:12881
[    3039ms] [VERBOSE] Rendering was performed in a subtree hidden by content-visibility. @ http://localhost:8000/sb-manager/runtime.js:12881
[   12077ms] [VERBOSE] Rendering was performed in a subtree hidden by content-visibility. @ http://localhost:8000/sb-manager/runtime.js:12881
[   12078ms] [VERBOSE] Rendering was performed in a subtree hidden by content-visibility. @ http://localhost:8000/sb-manager/runtime.js:12881
[   12094ms] [WARNING] The 'ariaLabel' prop on 'PopoverProvider' will become mandatory in Storybook 11. Provide a concise, accessible label describing the popover's purpose. @ http://localhost:8000/sb-manager/globals-runtime.js:5810
[   12152ms] [VERBOSE] Rendering was performed in a subtree hidden by content-visibility. @ http://localhost:8000/sb-manager/runtime.js:12881
[   12153ms] [VERBOSE] Rendering was performed in a subtree hidden by content-visibility. @ http://localhost:8000/sb-manager/runtime.js:12881
[   12215ms] [VERBOSE] Rendering was performed in a subtree hidden by content-visibility. @ http://localhost:8000/sb-manager/runtime.js:12881
[   12216ms] [VERBOSE] Rendering was performed in a subtree hidden by content-visibility. @ http://localhost:8000/sb-manager/runtime.js:12881
[   12244ms] [VERBOSE] Rendering was performed in a subtree hidden by content-visibility. @ http://localhost:8000/sb-manager/runtime.js:12881
[   12245ms] [VERBOSE] Rendering was performed in a subtree hidden by content-visibility. @ http://localhost:8000/sb-manager/runtime.js:12881
[   12346ms] [VERBOSE] Rendering was performed in a subtree hidden by content-visibility. @ http://localhost:8000/sb-manager/runtime.js:12881
[   12346ms] [VERBOSE] Rendering was performed in a subtree hidden by content-visibility. @ http://localhost:8000/sb-manager/runtime.js:12881
[   12389ms] [VERBOSE] Rendering was performed in a subtree hidden by content-visibility. @ http://localhost:8000/sb-manager/runtime.js:12881
[   12390ms] [VERBOSE] Rendering was performed in a subtree hidden by content-visibility. @ http://localhost:8000/sb-manager/runtime.js:12881
[   12429ms] [VERBOSE] Rendering was performed in a subtree hidden by content-visibility. @ http://localhost:8000/sb-manager/runtime.js:12881
[   12430ms] [VERBOSE] Rendering was performed in a subtree hidden by content-visibility. @ http://localhost:8000/sb-manager/runtime.js:12881
[   12455ms] [VERBOSE] Rendering was performed in a subtree hidden by content-visibility. @ http://localhost:8000/sb-manager/runtime.js:12881
[   12455ms] [VERBOSE] Rendering was performed in a subtree hidden by content-visibility. @ http://localhost:8000/sb-manager/runtime.js:12881
[   13250ms] [VERBOSE] Rendering was performed in a subtree hidden by content-visibility. @ :3180
[   20829ms] [VERBOSE] Rendering was performed in a subtree hidden by content-visibility. @ :3180
[   21388ms] [VERBOSE] Rendering was performed in a subtree hidden by content-visibility. @ :3180
